[0m[[0m[0mdebug[0m] [0m[0m> Exec(;Test/compile; collectAnalyses, None, Some(CommandSource(network-1)))[0m
[0m[[0m[0mdebug[0m] [0m[0munmatched Processing event for requestId None: None[0m
[0m[[0m[0mdebug[0m] [0m[0munmatched Done event for requestId None: None[0m
[0m[[0m[0mdebug[0m] [0m[0m> Exec(Test/compile, None, Some(CommandSource(network-1)))[0m
[0m[[0m[0mdebug[0m] [0m[0munmatched Processing event for requestId None: None[0m
[0m[[0m[0mdebug[0m] [0m[0mEvaluating tasks: Test / compile[0m
[0m[[0m[0mdebug[0m] [0m[0mRunning task... Cancel: bloop.integrations.sbt.Offloader$$anon$1@71d94ab, check cycles: false, forcegc: true[0m
[0m[[0m[0mdebug[0m] [0m[0mjsonRpcNotify: JsonRpcNotificationMessage(2.0, build/taskStart, {"taskId":{"id":"91","parents":[]},"eventTime":1634754931592,"message":"Compiling scaladbdemo-copy-2-","dataKind":"compile-task","data":{"target":{"uri":"file:/C:/Users/William%20Terry/Desktop/BigDataOctober2021/ScalaDBDemo%20-%20Copy%20(2)/#scaladbdemo-copy-2-/Compile"}}})[0m
[0m[[0m[0mdebug[0m] [0m[0mjsonRpcNotify: JsonRpcNotificationMessage(2.0, build/publishDiagnostics, {"textDocument":{"uri":"file:///C:/Users/William%20Terry/Desktop/BigDataOctober2021/ScalaDBDemo%20-%20Copy%20(2)/src/main/scala/App.scala"},"buildTarget":{"uri":"file:/C:/Users/William%20Terry/Desktop/BigDataOctober2021/ScalaDBDemo%20-%20Copy%20(2)/#scaladbdemo-copy-2-/Compile"},"diagnostics":[],"reset":true})[0m
[0m[[0m[0mdebug[0m] [0m[0mjsonRpcNotify: JsonRpcNotificationMessage(2.0, build/taskFinish, {"taskId":{"id":"91","parents":[]},"eventTime":1634754931620,"message":"Compiled scaladbdemo-copy-2-","status":1,"dataKind":"compile-report","data":{"target":{"uri":"file:/C:/Users/William%20Terry/Desktop/BigDataOctober2021/ScalaDBDemo%20-%20Copy%20(2)/#scaladbdemo-copy-2-/Compile"},"errors":0,"warnings":0,"time":28}})[0m
[0m[[0m[0mdebug[0m] [0m[0mjsonRpcNotify: JsonRpcNotificationMessage(2.0, build/taskStart, {"taskId":{"id":"92","parents":[]},"eventTime":1634754931626,"message":"Compiling scaladbdemo-copy-2--test","dataKind":"compile-task","data":{"target":{"uri":"file:/C:/Users/William%20Terry/Desktop/BigDataOctober2021/ScalaDBDemo%20-%20Copy%20(2)/#scaladbdemo-copy-2-/Test"}}})[0m
[0m[[0m[0mdebug[0m] [0m[0mjsonRpcNotify: JsonRpcNotificationMessage(2.0, build/taskFinish, {"taskId":{"id":"92","parents":[]},"eventTime":1634754931645,"message":"Compiled scaladbdemo-copy-2--test","status":1,"dataKind":"compile-report","data":{"target":{"uri":"file:/C:/Users/William%20Terry/Desktop/BigDataOctober2021/ScalaDBDemo%20-%20Copy%20(2)/#scaladbdemo-copy-2-/Test"},"errors":0,"warnings":0,"time":19}})[0m
[0m[[0m[32msuccess[0m] [0m[0mTotal time: 0 s, completed Oct 20, 2021 2:35:31 PM[0m
[0m[[0m[0mdebug[0m] [0m[0munmatched Done event for requestId None: None[0m
[0m[[0m[0mdebug[0m] [0m[0m> Exec(collectAnalyses, None, Some(CommandSource(network-1)))[0m
[0m[[0m[0mdebug[0m] [0m[0munmatched Processing event for requestId None: None[0m
[0m[[0m[0mdebug[0m] [0m[0mEvaluating tasks: Compile / collectAnalyses[0m
[0m[[0m[0mdebug[0m] [0m[0mRunning task... Cancel: bloop.integrations.sbt.Offloader$$anon$1@1cd97ebe, check cycles: false, forcegc: true[0m
[0m[[0m[0mdebug[0m] [0m[0manalysis location (C:\Users\William Terry\Desktop\BigDataOctober2021\ScalaDBDemo - Copy (2)\target\scala-2.11\zinc\inc_compile_2.11.zip,true)[0m
[0m[[0m[32msuccess[0m] [0m[0mTotal time: 0 s, completed Oct 20, 2021 2:35:31 PM[0m
[0m[[0m[0mdebug[0m] [0m[0munmatched Done event for requestId None: None[0m
[0m[[0m[0mdebug[0m] [0m[0m> Exec(shell, None, None)[0m
